\BOOKMARK [1][-]{section.1}{\376\377\133\236\232\214\211\201\154\102}{}% 1
\BOOKMARK [1][-]{section.2}{\376\377\133\236\232\214\166\356\166\204}{}% 2
\BOOKMARK [1][-]{section.3}{\376\377\133\236\232\214\121\205\133\271}{}% 3
\BOOKMARK [1][-]{section.4}{\376\377\133\236\232\214\153\145\232\244}{}% 4
\BOOKMARK [2][-]{subsection.4.1}{\376\377\133\236\232\214\116\000\000\040\116\343\170\001\210\145\121\150}{section.4}% 5
\BOOKMARK [3][-]{subsubsection.4.1.1}{\376\377\000I\000D\000\040\152\041\127\127\116\343\170\001\210\145\121\150}{subsection.4.1}% 6
\BOOKMARK [3][-]{subsubsection.4.1.2}{\376\377\000A\000L\000U\000\040\152\041\127\127\116\343\170\001\210\145\121\150}{subsection.4.1}% 7
\BOOKMARK [2][-]{subsection.4.2}{\376\377\000t\000e\000s\000t\000b\000e\000n\000c\000h\000\040\210\145\121\150\116\016\232\214\213\301}{section.4}% 8
\BOOKMARK [1][-]{section.5}{\376\377\147\177\176\247\232\214\213\301\176\323\147\234}{}% 9
\BOOKMARK [2][-]{subsection.5.1}{\376\377\173\241\201\032\176\246\147\137\213\276\177\156}{section.5}% 10
\BOOKMARK [2][-]{subsection.5.2}{\376\377\145\366\136\217\117\030\123\026}{section.5}% 11
\BOOKMARK [2][-]{subsection.5.3}{\376\377\165\050\123\101\217\333\122\066\146\076\171\072\145\160\170\001\173\241}{section.5}% 12
\BOOKMARK [2][-]{subsection.5.4}{\376\377\133\236\232\214\176\323\147\234}{section.5}% 13
\BOOKMARK [3][-]{subsubsection.5.4.1}{\376\377\133\236\232\214\165\050\137\000\123\321\147\177\151\202\217\360}{subsection.5.4}% 14
\BOOKMARK [3][-]{subsubsection.5.4.2}{\376\377\121\150\143\007\116\344\155\113\213\325}{subsection.5.4}% 15
\BOOKMARK [3][-]{subsubsection.5.4.3}{\376\377\147\000\131\047\121\154\176\246\145\160\060\001\147\000\134\017\121\154\120\015\145\160\173\227\154\325\232\214\213\301}{subsection.5.4}% 16
\BOOKMARK [3][-]{subsubsection.5.4.4}{\376\377\0006\0004\000\040\117\115\122\240\154\325\232\214\213\301}{subsection.5.4}% 17
\BOOKMARK [3][-]{subsubsection.5.4.5}{\376\377\121\222\154\341\143\222\136\217\173\227\154\325\155\113\213\325}{subsection.5.4}% 18
\BOOKMARK [3][-]{subsubsection.5.4.6}{\376\377\000s\000o\000r\000t\000\040\143\222\136\217\173\227\154\325\155\113\213\325}{subsection.5.4}% 19
\BOOKMARK [1][-]{section.6}{\376\377\140\073\176\323}{}% 20
\BOOKMARK [1][-]{appendix.A}{\376\377\000t\000e\000s\000t\000.\000v\116\343\170\001}{}% 21
\BOOKMARK [1][-]{appendix.B}{\376\377\173\241\201\032\176\246\147\137\116\343\170\001}{}% 22
\BOOKMARK [1][-]{appendix.C}{\376\377\123\101\217\333\122\066\146\076\171\072\213\321\170\001\126\150\116\343\170\001}{}% 23
